<?xml version="1.0" encoding="UTF-8"?>
<testsuite name="Creacion de vuelos directos." tests="1" skipped="0" failures="0" errors="0" timestamp="2024-05-28T02:12:38" hostname="DESKTOP-2QM4751" time="8.021">
  <properties/>
  <testcase name="Creación exitosa de un vuelo directo" classname="Creacion de vuelos directos." time="8.021"/>
  <system-out><![CDATA[]]></system-out>
  <system-err><![CDATA[May 27, 2024 9:12:42 PM org.openqa.selenium.devtools.CdpVersionFinder findNearestMatch
WARNING: Unable to find CDP implementation matching 125
May 27, 2024 9:12:42 PM org.openqa.selenium.chromium.ChromiumDriver lambda$new$5
WARNING: Unable to find version of CDP to use for 125.0.6422.113. You may need to include a dependency on a specific version of the CDP using something similar to `org.seleniumhq.selenium:selenium-devtools-v86:4.16.1` where the version ("v86") matches the version of the chromium-based browser you're using and the version number of the artifact is the same as Selenium's.
]]></system-err>
</testsuite>
