<?xml version="1.0" encoding="UTF-8" standalone="no"?><testsuite errors="1" failures="0" name="Creacion de vuelos directos." skipped="0" tests="1" time="0.72" timestamp="2024-05-26 09:15:27"><testcase name="Creacion exitosa de un vuelo directo"><error message="Could not find a matching constructor for class class co.com.udea.certificacion.autenticacion.tasks.OpenThe with parameters [Front page]" type="java.lang.IllegalArgumentException">Could not find a matching constructor for class class co.com.udea.certificacion.autenticacion.tasks.OpenThe with parameters [Front page]</error><system-err>Could not find a matching constructor for class class co.com.udea.certificacion.autenticacion.tasks.OpenThe with parameters [Front page]&#13;
co.com.udea.certificacion.autenticacion.tasks.OpenThe.browser(OpenThe.java:22)&#13;
co.com.udea.certificacion.autenticacion.stepdefinitions.CreateFlightStepDefinition.estoyEnLaPaginaDeCreacionDeVuelosDirectos(CreateFlightStepDefinition.java:33)&#13;
✽.estoy en la pagina de creacion de vuelos directos(file:///C:/Users/flech/Desktop/screen%20play/src/test/resources/features/create_flight.feature:8)&#13;
</system-err></testcase></testsuite>